<?xml version="1.0" encoding="utf-8"?><testsuites name="pytest tests"><testsuite name="pytest" errors="0" failures="0" skipped="0" tests="13" time="1.514" timestamp="2026-06-10T21:53:50.612176+00:00" hostname="agent-env-d5185258-1a7a-4ac9-bb01-49f20506c8a3"><testcase classname="backend.tests.test_fresh_import_smoke.TestHealth" name="test_health_ok" time="0.173" /><testcase classname="backend.tests.test_fresh_import_smoke.TestAuth" name="test_demo_login_returns_access_token" time="0.132" /><testcase classname="backend.tests.test_fresh_import_smoke.TestAuth" name="test_me_with_token" time="0.055" /><testcase classname="backend.tests.test_fresh_import_smoke.TestCoreEndpoints" name="test_prediction" time="0.064" /><testcase classname="backend.tests.test_fresh_import_smoke.TestCoreEndpoints" name="test_prediction_history" time="0.064" /><testcase classname="backend.tests.test_fresh_import_smoke.TestCoreEndpoints" name="test_cycles_list" time="0.064" /><testcase classname="backend.tests.test_fresh_import_smoke.TestCoreEndpoints" name="test_health_events_with_date_range" time="0.061" /><testcase classname="backend.tests.test_fresh_import_smoke.TestCoreEndpoints" name="test_timeline_daily_logs" time="0.061" /><testcase classname="backend.tests.test_fresh_import_smoke.TestCoreEndpoints" name="test_water_today" time="0.067" /><testcase classname="backend.tests.test_fresh_import_smoke.TestCoreEndpoints" name="test_meals_today" time="0.059" /><testcase classname="backend.tests.test_fresh_import_smoke.TestCoreEndpoints" name="test_medications_today" time="0.054" /><testcase classname="backend.tests.test_fresh_import_smoke.TestCoreEndpoints" name="test_unauthorized_returns_401" time="0.055" /><testcase classname="backend.tests.test_fresh_import_smoke.TestRegisterVerifyLoginDevMode" name="test_full_flow" time="0.559" /></testsuite></testsuites>