<?xml version="1.0" encoding="utf-8"?><testsuites name="pytest tests"><testsuite name="pytest" errors="0" failures="0" skipped="0" tests="13" time="1.570" timestamp="2026-06-11T00:01:12.255260+00:00" hostname="agent-env-fbc5dbfe-9536-475a-9911-dc01a3903e4f"><testcase classname="backend.tests.test_fresh_import_smoke.TestHealth" name="test_health_ok" time="0.248" /><testcase classname="backend.tests.test_fresh_import_smoke.TestAuth" name="test_demo_login_returns_access_token" time="0.115" /><testcase classname="backend.tests.test_fresh_import_smoke.TestAuth" name="test_me_with_token" time="0.080" /><testcase classname="backend.tests.test_fresh_import_smoke.TestCoreEndpoints" name="test_prediction" time="0.064" /><testcase classname="backend.tests.test_fresh_import_smoke.TestCoreEndpoints" name="test_prediction_history" time="0.056" /><testcase classname="backend.tests.test_fresh_import_smoke.TestCoreEndpoints" name="test_cycles_list" time="0.056" /><testcase classname="backend.tests.test_fresh_import_smoke.TestCoreEndpoints" name="test_health_events_with_date_range" time="0.068" /><testcase classname="backend.tests.test_fresh_import_smoke.TestCoreEndpoints" name="test_timeline_daily_logs" time="0.065" /><testcase classname="backend.tests.test_fresh_import_smoke.TestCoreEndpoints" name="test_water_today" time="0.060" /><testcase classname="backend.tests.test_fresh_import_smoke.TestCoreEndpoints" name="test_meals_today" time="0.061" /><testcase classname="backend.tests.test_fresh_import_smoke.TestCoreEndpoints" name="test_medications_today" time="0.058" /><testcase classname="backend.tests.test_fresh_import_smoke.TestCoreEndpoints" name="test_unauthorized_returns_401" time="0.060" /><testcase classname="backend.tests.test_fresh_import_smoke.TestRegisterVerifyLoginDevMode" name="test_full_flow" time="0.544" /></testsuite></testsuites>