<?xml version="1.0" encoding="utf-8"?><testsuites name="pytest tests"><testsuite name="pytest" errors="0" failures="0" skipped="0" tests="11" time="2.079" timestamp="2026-06-11T01:00:12.987427+00:00" hostname="agent-env-fbc5dbfe-9536-475a-9911-dc01a3903e4f"><testcase classname="tests.test_v3_integration_iter10.TestPredictionShapeDemo" name="test_engine_version_v3" time="0.275" /><testcase classname="tests.test_v3_integration_iter10.TestPredictionShapeDemo" name="test_v3_fields_present" time="0.069" /><testcase classname="tests.test_v3_integration_iter10.TestPredictionShapeDemo" name="test_v2_ui_fields_preserved" time="0.061" /><testcase classname="tests.test_v3_integration_iter10.TestPredictionShapeDemo" name="test_quantile_monotonic" time="0.057" /><testcase classname="tests.test_v3_integration_iter10.TestPredictionShapeDemo" name="test_demo_gates_fall_back_as_documented" time="0.060" /><testcase classname="tests.test_v3_integration_iter10.TestPredictionShapeDemo" name="test_determinism_two_calls" time="0.121" /><testcase classname="tests.test_v3_integration_iter10.TestPredictionPowerUser" name="test_conformal_or_quantile_activates" time="1.092" /><testcase classname="tests.test_v3_integration_iter10.TestPredictionPowerUser" name="test_lookback_picks_a_window" time="0.081" /><testcase classname="tests.test_v3_integration_iter10.TestMonitoringEndpoint" name="test_requires_auth" time="0.053" /><testcase classname="tests.test_v3_integration_iter10.TestMonitoringEndpoint" name="test_returns_four_windows_with_required_keys" time="0.053" /><testcase classname="tests.test_v3_integration_iter10.TestHistoryV3Persistence" name="test_history_row_carries_v3_fields" time="0.121" /></testsuite></testsuites>