<?xml version="1.0" encoding="utf-8"?><testsuites name="pytest tests"><testsuite name="pytest" errors="0" failures="0" skipped="0" tests="235" time="2.770" timestamp="2026-06-11T00:58:43.567673+00:00" hostname="agent-env-fbc5dbfe-9536-475a-9911-dc01a3903e4f"><testcase classname="tests.test_prediction_engine_v3.TestDeterminism" name="test_same_input_identical_output" time="0.026" /><testcase classname="tests.test_prediction_engine_v3.TestDeterminism" name="test_generated_at_does_not_change_values" time="0.015" /><testcase classname="tests.test_prediction_engine_v3.TestDeterminism" name="test_pipeline_selection_is_deterministic" time="0.020" /><testcase classname="tests.test_prediction_engine_v3.TestSchemaCompatibility" name="test_all_keys_present" time="0.012" /><testcase classname="tests.test_prediction_engine_v3.TestSchemaCompatibility" name="test_engine_version" time="0.007" /><testcase classname="tests.test_prediction_engine_v3.TestPerformance" name="test_ten_years_under_100ms" time="0.030" /><testcase classname="tests.test_prediction_engine_v3.TestColdStart" name="test_levels_and_caps[0-0-0]" time="0.001" /><testcase classname="tests.test_prediction_engine_v3.TestColdStart" name="test_levels_and_caps[1-1-30]" time="0.001" /><testcase classname="tests.test_prediction_engine_v3.TestColdStart" name="test_levels_and_caps[2-2-50]" time="0.001" /><testcase classname="tests.test_prediction_engine_v3.TestColdStart" name="test_no_walkforward_uses_default_pipeline" time="0.000" /><testcase classname="tests.test_prediction_engine_v3.TestDynamicWeights" name="test_weights_sum_to_one_and_capped" time="0.012" /><testcase classname="tests.test_prediction_engine_v3.TestDynamicWeights" name="test_weight_and_accuracy_history_tracked" time="0.012" /><testcase classname="tests.test_prediction_engine_v3.TestDynamicWeights" name="test_per_model_accuracy_mae_rmse" time="0.012" /><testcase classname="tests.test_prediction_engine_v3.TestDynamicWeights" name="test_weights_are_out_of_sample" time="0.002" /><testcase classname="tests.test_prediction_engine_v3.TestErrorLearning" name="test_fields" time="0.012" /><testcase classname="tests.test_prediction_engine_v3.TestErrorLearning" name="test_bias_correction_only_when_it_improves" time="0.032" /><testcase classname="tests.test_prediction_engine_v3.TestErrorLearning" name="test_systematic_early_detected_on_steady_increase" time="0.008" /><testcase classname="tests.test_prediction_engine_v3.TestErrorLearning" name="test_apply_bias_correction_walkforward" time="0.000" /><testcase classname="tests.test_prediction_engine_v3.TestConformal" name="test_conformal_used_with_enough_history" time="0.012" /><testcase classname="tests.test_prediction_engine_v3.TestConformal" name="test_intervals_nested" time="0.012" /><testcase classname="tests.test_prediction_engine_v3.TestConformal" name="test_coverage_report_structure" time="0.012" /><testcase classname="tests.test_prediction_engine_v3.TestConformal" name="test_insufficient_samples_fallback" time="0.002" /><testcase classname="tests.test_prediction_engine_v3.TestConformal" name="test_conformal_intervals_none_below_minimum" time="0.000" /><testcase classname="tests.test_prediction_engine_v3.TestConformal" name="test_coverage_math" time="0.000" /><testcase classname="tests.test_prediction_engine_v3.TestQuantiles" name="test_monotonic_quantiles" time="0.012" /><testcase classname="tests.test_prediction_engine_v3.TestQuantiles" name="test_method_gated_by_pinball_loss" time="0.012" /><testcase classname="tests.test_prediction_engine_v3.TestQuantiles" name="test_traditional_fallback_with_little_data" time="0.001" /><testcase classname="tests.test_prediction_engine_v3.TestQuantiles" name="test_quantile_function_directly" time="0.000" /><testcase classname="tests.test_prediction_engine_v3.TestAdaptiveLookback" name="test_window_is_valid_and_reported" time="0.012" /><testcase classname="tests.test_prediction_engine_v3.TestAdaptiveLookback" name="test_baseline_shift_prediction_tracks_new_baseline" time="0.007" /><testcase classname="tests.test_prediction_engine_v3.TestChangePoints" name="test_change_point_with_confidence" time="0.007" /><testcase classname="tests.test_prediction_engine_v3.TestChangePoints" name="test_no_change_point_for_stable_user" time="0.007" /><testcase classname="tests.test_prediction_engine_v3.TestDistribution" name="test_distribution_rows" time="0.012" /><testcase classname="tests.test_prediction_engine_v3.TestDistribution" name="test_empirical_distribution_14_day_window" time="0.000" /><testcase classname="tests.test_prediction_engine_v3.TestDistribution" name="test_intervals_consistent_with_distribution" time="0.012" /><testcase classname="tests.test_prediction_engine_v3.TestCalibration" name="test_fields" time="0.012" /><testcase classname="tests.test_prediction_engine_v3.TestCalibration" name="test_estimator_gated_by_calibration_error" time="0.000" /><testcase classname="tests.test_prediction_engine_v3.TestCalibration" name="test_confidence_is_evidence_based" time="0.007" /><testcase classname="tests.test_prediction_engine_v3.TestStability" name="test_fields" time="0.012" /><testcase classname="tests.test_prediction_engine_v3.TestStability" name="test_dampening_only_when_it_improves" time="0.025" /><testcase classname="tests.test_prediction_engine_v3.TestStability" name="test_apply_dampening_limits_movement" time="0.000" /><testcase classname="tests.test_prediction_engine_v3.TestStrategySelection" name="test_active_strategy_valid" time="0.012" /><testcase classname="tests.test_prediction_engine_v3.TestStrategySelection" name="test_margin_protected_selection" time="0.025" /><testcase classname="tests.test_prediction_engine_v3.TestStrategySelection" name="test_selected_never_worse_than_default" time="0.025" /><testcase classname="tests.test_prediction_engine_v3.TestDeploymentGates" name="test_gate_report_structure" time="0.012" /><testcase classname="tests.test_prediction_engine_v3.TestDeploymentGates" name="test_conformal_gate_consistency" time="0.012" /><testcase classname="tests.test_prediction_engine_v3.TestExplainability" name="test_forecast_generated_by" time="0.012" /><testcase classname="tests.test_prediction_engine_v3.TestExplainability" name="test_contributing_and_excluded_cycles" time="0.008" /><testcase classname="tests.test_prediction_engine_v3.TestRobustness" name="test_outliers_dont_crash" time="0.006" /><testcase classname="tests.test_prediction_engine_v3.TestRobustness" name="test_invalid_dates_skipped" time="0.000" /><testcase classname="tests.test_prediction_engine_v3.TestRobustness" name="test_medical_flags_still_emitted" time="0.003" /><testcase classname="tests.test_v3_benchmark_gate.TestDeploymentGate" name="test_overall_mae_not_worse_than_v2" time="2.147" /><testcase classname="tests.test_v3_benchmark_gate.TestDeploymentGate" name="test_per_cohort_no_major_regression[very_regular]" time="0.000" /><testcase classname="tests.test_v3_benchmark_gate.TestDeploymentGate" name="test_per_cohort_no_major_regression[regular]" time="0.000" /><testcase classname="tests.test_v3_benchmark_gate.TestDeploymentGate" name="test_per_cohort_no_major_regression[moderately_irregular]" time="0.000" /><testcase classname="tests.test_v3_benchmark_gate.TestDeploymentGate" name="test_per_cohort_no_major_regression[baseline_shift]" time="0.000" /><testcase classname="tests.test_v3_benchmark_gate.TestDeploymentGate" name="test_per_cohort_no_major_regression[trending]" time="0.000" /><testcase classname="tests.test_v3_benchmark_gate.TestSuccessCriteria" name="test_very_regular_mae" time="0.000" /><testcase classname="tests.test_v3_benchmark_gate.TestSuccessCriteria" name="test_regular_mae" time="0.000" /><testcase classname="tests.test_v3_benchmark_gate.TestSuccessCriteria" name="test_moderately_irregular_mae" time="0.000" /><testcase classname="tests.test_v3_benchmark_gate.TestSuccessCriteria" name="test_baseline_shift_recovers" time="0.000" /><testcase classname="tests.test_v3_benchmark_gate.TestIntervalCoverage" name="test_p95_coverage" time="0.000" /><testcase classname="tests.test_v3_benchmark_gate.TestCalibration" name="test_aggregate_calibration_error" time="0.000" /><testcase classname="tests.test_v3_benchmark_gate.TestCalibration" name="test_well_behaved_cohort_calibration" time="0.000" /><testcase classname="tests.test_prediction_engine_v2.TestPercentile" name="test_empty" time="0.000" /><testcase classname="tests.test_prediction_engine_v2.TestPercentile" name="test_single" time="0.000" /><testcase classname="tests.test_prediction_engine_v2.TestPercentile" name="test_median_of_odd" time="0.000" /><testcase classname="tests.test_prediction_engine_v2.TestPercentile" name="test_interpolation" time="0.000" /><testcase classname="tests.test_prediction_engine_v2.TestPercentile" name="test_fractional_interpolation" time="0.000" /><testcase classname="tests.test_prediction_engine_v2.TestPercentile" name="test_zero_pct" time="0.000" /><testcase classname="tests.test_prediction_engine_v2.TestPercentile" name="test_hundred_pct" time="0.000" /><testcase classname="tests.test_prediction_engine_v2.TestTrimmedMean" name="test_empty" time="0.000" /><testcase classname="tests.test_prediction_engine_v2.TestTrimmedMean" name="test_drops_extremes" time="0.000" /><testcase classname="tests.test_prediction_engine_v2.TestTrimmedMean" name="test_small_list_no_trim" time="0.000" /><testcase classname="tests.test_prediction_engine_v2.TestWinsorizedMean" name="test_empty" time="0.000" /><testcase classname="tests.test_prediction_engine_v2.TestWinsorizedMean" name="test_clamps_extremes" time="0.000" /><testcase classname="tests.test_prediction_engine_v2.TestWinsorizedMean" name="test_no_winsor_when_k_zero" time="0.000" /><testcase classname="tests.test_prediction_engine_v2.TestOLS" name="test_too_short" time="0.000" /><testcase classname="tests.test_prediction_engine_v2.TestOLS" name="test_empty" time="0.000" /><testcase classname="tests.test_prediction_engine_v2.TestOLS" name="test_perfect_line" time="0.000" /><testcase classname="tests.test_prediction_engine_v2.TestOLS" name="test_flat_line" time="0.000" /><testcase classname="tests.test_prediction_engine_v2.TestClassifyOutliers" name="test_logging_error" time="0.000" /><testcase classname="tests.test_prediction_engine_v2.TestClassifyOutliers" name="test_missed_cycle" time="0.000" /><testcase classname="tests.test_prediction_engine_v2.TestClassifyOutliers" name="test_short_cycle" time="0.000" /><testcase classname="tests.test_prediction_engine_v2.TestClassifyOutliers" name="test_long_cycle" time="0.000" /><testcase classname="tests.test_prediction_engine_v2.TestClassifyOutliers" name="test_no_outliers_when_regular" time="0.000" /><testcase classname="tests.test_prediction_engine_v2.TestWeightFactors" name="test_outlier_reduces_factor" time="0.000" /><testcase classname="tests.test_prediction_engine_v2.TestWeightedAverageDynamic" name="test_empty" time="0.000" /><testcase classname="tests.test_prediction_engine_v2.TestWeightedAverageDynamic" name="test_recency_weighting" time="0.000" /><testcase classname="tests.test_prediction_engine_v2.TestWeightedAverageDynamic" name="test_long_history_older_bucket" time="0.000" /><testcase classname="tests.test_prediction_engine_v2.TestWeightedAverageDynamic" name="test_all_zero_weight_fallback" time="0.000" /><testcase classname="tests.test_prediction_engine_v2.TestChangePoints" name="test_too_few" time="0.000" /><testcase classname="tests.test_prediction_engine_v2.TestChangePoints" name="test_detects_baseline_increase" time="0.000" /><testcase classname="tests.test_prediction_engine_v2.TestChangePoints" name="test_detects_baseline_decrease" time="0.000" /><testcase classname="tests.test_prediction_engine_v2.TestChangePoints" name="test_no_change_when_stable" time="0.000" /><testcase classname="tests.test_prediction_engine_v2.TestModels" name="test_bayesian_empty_returns_prior" time="0.000" /><testcase classname="tests.test_prediction_engine_v2.TestModels" name="test_bayesian_blends_toward_user" time="0.000" /><testcase classname="tests.test_prediction_engine_v2.TestModels" name="test_trend_empty" time="0.000" /><testcase classname="tests.test_prediction_engine_v2.TestModels" name="test_trend_projects_upward" time="0.000" /><testcase classname="tests.test_prediction_engine_v2.TestModels" name="test_model_predictions_empty" time="0.000" /><testcase classname="tests.test_prediction_engine_v2.TestModels" name="test_model_predictions_keys" time="0.000" /><testcase classname="tests.test_prediction_engine_v2.TestCapWeights" name="test_no_weight_exceeds_cap" time="0.000" /><testcase classname="tests.test_prediction_engine_v2.TestCapWeights" name="test_all_zero_uniform" time="0.000" /><testcase classname="tests.test_prediction_engine_v2.TestCapWeights" name="test_sums_to_one" time="0.000" /><testcase classname="tests.test_prediction_engine_v2.TestEnsemblePoint" name="test_combines_models" time="0.000" /><testcase classname="tests.test_prediction_engine_v2.TestBacktest" name="test_produces_errors_and_records" time="0.001" /><testcase classname="tests.test_prediction_engine_v2.TestBacktest" name="test_short_history_no_errors" time="0.000" /><testcase classname="tests.test_prediction_engine_v2.TestAdaptiveWeights" name="test_default_when_no_data" time="0.000" /><testcase classname="tests.test_prediction_engine_v2.TestAdaptiveWeights" name="test_better_model_gets_more_weight" time="0.000" /><testcase classname="tests.test_prediction_engine_v2.TestRollingError" name="test_empty" time="0.000" /><testcase classname="tests.test_prediction_engine_v2.TestRollingError" name="test_mean_abs" time="0.000" /><testcase classname="tests.test_prediction_engine_v2.TestRollingError" name="test_window" time="0.000" /><testcase classname="tests.test_prediction_engine_v2.TestAdaptiveBias" name="test_empty" time="0.000" /><testcase classname="tests.test_prediction_engine_v2.TestAdaptiveBias" name="test_median_signed" time="0.000" /><testcase classname="tests.test_prediction_engine_v2.TestCalibratedConfidence" name="test_prior_when_too_few" time="0.000" /><testcase classname="tests.test_prediction_engine_v2.TestCalibratedConfidence" name="test_historical_hit_rate" time="0.000" /><testcase classname="tests.test_prediction_engine_v2.TestDataSufficiency" name="test_levels[0-0-0]" time="0.000" /><testcase classname="tests.test_prediction_engine_v2.TestDataSufficiency" name="test_levels[1-1-30]" time="0.000" /><testcase classname="tests.test_prediction_engine_v2.TestDataSufficiency" name="test_levels[2-2-50]" time="0.000" /><testcase classname="tests.test_prediction_engine_v2.TestDataSufficiency" name="test_levels[4-3-75]" time="0.000" /><testcase classname="tests.test_prediction_engine_v2.TestDataSufficiency" name="test_levels[6-4-95]" time="0.000" /><testcase classname="tests.test_prediction_engine_v2.TestDataSufficiency" name="test_levels[20-4-95]" time="0.000" /><testcase classname="tests.test_prediction_engine_v2.TestReliabilityIndex" name="test_high_for_good_data" time="0.000" /><testcase classname="tests.test_prediction_engine_v2.TestReliabilityIndex" name="test_low_for_poor_data" time="0.000" /><testcase classname="tests.test_prediction_engine_v2.TestReliabilityIndex" name="test_factors_present" time="0.000" /><testcase classname="tests.test_prediction_engine_v2.TestReliabilityIndex" name="test_classification_bands_reachable[Excellent]" time="0.000" /><testcase classname="tests.test_prediction_engine_v2.TestReliabilityIndex" name="test_classification_bands_reachable[High]" time="0.000" /><testcase classname="tests.test_prediction_engine_v2.TestReliabilityIndex" name="test_classification_bands_reachable[Moderate]" time="0.000" /><testcase classname="tests.test_prediction_engine_v2.TestReliabilityIndex" name="test_classification_bands_reachable[Low]" time="0.000" /><testcase classname="tests.test_prediction_engine_v2.TestReliabilityIndex" name="test_classification_bands_reachable[Very Low]" time="0.000" /><testcase classname="tests.test_prediction_engine_v2.TestPredictionIntervals" name="test_empirical_when_enough" time="0.000" /><testcase classname="tests.test_prediction_engine_v2.TestPredictionIntervals" name="test_model_variance_when_few" time="0.000" /><testcase classname="tests.test_prediction_engine_v2.TestPredictionIntervals" name="test_widths_monotonic" time="0.000" /><testcase classname="tests.test_prediction_engine_v2.TestTrendForecast" name="test_too_short_returns_zero" time="0.000" /><testcase classname="tests.test_prediction_engine_v2.TestTrendForecast" name="test_lengthening_trend" time="0.000" /><testcase classname="tests.test_prediction_engine_v2.TestTrendForecast" name="test_increasing_variability" time="0.000" /><testcase classname="tests.test_prediction_engine_v2.TestTrendForecast" name="test_period_trend" time="0.000" /><testcase classname="tests.test_prediction_engine_v2.TestValidationMetrics" name="test_empty" time="0.000" /><testcase classname="tests.test_prediction_engine_v2.TestValidationMetrics" name="test_computes_mae_rmse" time="0.000" /><testcase classname="tests.test_prediction_engine_v2.TestValidationMetrics" name="test_success_rate" time="0.000" /><testcase classname="tests.test_prediction_engine_v2.TestMedicalFlags" name="test_irregularity_flag_added" time="0.000" /><testcase classname="tests.test_prediction_engine_v2.TestMedicalFlags" name="test_no_irregularity_when_low" time="0.000" /><testcase classname="tests.test_prediction_engine_v2.TestPredictionId" name="test_deterministic" time="0.000" /><testcase classname="tests.test_prediction_engine_v2.TestPredictionId" name="test_changes_with_input" time="0.000" /><testcase classname="tests.test_prediction_engine_v2.TestPredictIntegration" name="test_empty" time="0.000" /><testcase classname="tests.test_prediction_engine_v2.TestPredictIntegration" name="test_single_cycle" time="0.000" /><testcase classname="tests.test_prediction_engine_v2.TestPredictIntegration" name="test_cold_start_population_prior" time="0.000" /><testcase classname="tests.test_prediction_engine_v2.TestPredictIntegration" name="test_full_history_fields" time="0.001" /><testcase classname="tests.test_prediction_engine_v2.TestPredictIntegration" name="test_determinism" time="0.002" /><testcase classname="tests.test_prediction_engine_v2.TestPredictIntegration" name="test_clamps_to_physiological_range" time="0.001" /><testcase classname="tests.test_prediction_engine_v2.TestPredictIntegration" name="test_ignores_invalid_and_reversed_dates" time="0.000" /><testcase classname="tests.test_prediction_engine_v2.TestPredictIntegration" name="test_change_point_in_output" time="0.001" /><testcase classname="tests.test_prediction_engine_v2.TestPredictIntegration" name="test_outlier_in_audit" time="0.001" /><testcase classname="tests.test_prediction_engine_v2.TestPredictIntegration" name="test_legacy_trend_insights_shape" time="0.001" /><testcase classname="tests.test_prediction_engine_v2.TestPredictIntegration" name="test_performance_under_100ms" time="0.005" /><testcase classname="tests.test_prediction_engine_v2.TestLegacyTrendInsights" name="test_decreasing_and_change_point" time="0.000" /><testcase classname="tests.test_prediction_engine_v2.TestLegacyTrendInsights" name="test_increasing" time="0.000" /><testcase classname="tests.test_prediction_engine.TestPeriodLength" name="test_inclusive" time="0.000" /><testcase classname="tests.test_prediction_engine.TestPeriodLength" name="test_single_day" time="0.000" /><testcase classname="tests.test_prediction_engine.TestCycleLength" name="test_consecutive_starts" time="0.000" /><testcase classname="tests.test_prediction_engine.TestCycleLength" name="test_unsorted_input_is_sorted" time="0.000" /><testcase classname="tests.test_prediction_engine.TestCycleLength" name="test_empty_and_single" time="0.000" /><testcase classname="tests.test_prediction_engine.TestStats" name="test_median" time="0.000" /><testcase classname="tests.test_prediction_engine.TestStats" name="test_mean" time="0.000" /><testcase classname="tests.test_prediction_engine.TestStats" name="test_std_dev_needs_two" time="0.000" /><testcase classname="tests.test_prediction_engine.TestMAD" name="test_basic" time="0.000" /><testcase classname="tests.test_prediction_engine.TestMAD" name="test_identical_zero" time="0.000" /><testcase classname="tests.test_prediction_engine.TestMAD" name="test_empty" time="0.000" /><testcase classname="tests.test_prediction_engine.TestOutliers" name="test_too_few_cycles" time="0.000" /><testcase classname="tests.test_prediction_engine.TestOutliers" name="test_identical_no_outliers" time="0.000" /><testcase classname="tests.test_prediction_engine.TestOutliers" name="test_detects_extreme" time="0.000" /><testcase classname="tests.test_prediction_engine.TestOutliers" name="test_regular_data_no_false_positive" time="0.000" /><testcase classname="tests.test_prediction_engine.TestOutliers" name="test_mad_zero_extreme_still_flagged" time="0.000" /><testcase classname="tests.test_prediction_engine.TestOutliers" name="test_mad_zero_trivial_variation_not_flagged" time="0.000" /><testcase classname="tests.test_prediction_engine.TestOutliers" name="test_mad_zero_all_identical_no_outliers" time="0.000" /><testcase classname="tests.test_prediction_engine.TestWeightedAverage" name="test_empty" time="0.000" /><testcase classname="tests.test_prediction_engine.TestWeightedAverage" name="test_single" time="0.000" /><testcase classname="tests.test_prediction_engine.TestWeightedAverage" name="test_all_equal" time="0.000" /><testcase classname="tests.test_prediction_engine.TestWeightedAverage" name="test_recent_weighted_higher" time="0.000" /><testcase classname="tests.test_prediction_engine.TestWeightedAverage" name="test_known_weights" time="0.000" /><testcase classname="tests.test_prediction_engine.TestWeightedAverage" name="test_outlier_weight_reduced" time="0.000" /><testcase classname="tests.test_prediction_engine.TestWeightedAverage" name="test_older_cycles_share_four_percent" time="0.000" /><testcase classname="tests.test_prediction_engine.TestWeightedPrediction" name="test_none_for_empty" time="0.000" /><testcase classname="tests.test_prediction_engine.TestWeightedPrediction" name="test_outlier_aware" time="0.000" /><testcase classname="tests.test_prediction_engine.TestAdaptiveLearning" name="test_no_errors_for_short_history" time="0.000" /><testcase classname="tests.test_prediction_engine.TestAdaptiveLearning" name="test_perfect_history_zero_error" time="0.000" /><testcase classname="tests.test_prediction_engine.TestAdaptiveLearning" name="test_bias_positive_when_underpredicting" time="0.000" /><testcase classname="tests.test_prediction_engine.TestAdaptiveLearning" name="test_accuracy_none_without_errors" time="0.000" /><testcase classname="tests.test_prediction_engine.TestAdaptiveLearning" name="test_accuracy_drops_with_error" time="0.000" /><testcase classname="tests.test_prediction_engine.TestConfidence" name="test_zero_cycles" time="0.000" /><testcase classname="tests.test_prediction_engine.TestConfidence" name="test_more_cycles_more_confidence" time="0.000" /><testcase classname="tests.test_prediction_engine.TestConfidence" name="test_lower_variability_higher_confidence" time="0.000" /><testcase classname="tests.test_prediction_engine.TestConfidence" name="test_bounded_0_100" time="0.000" /><testcase classname="tests.test_prediction_engine.TestDataQuality" name="test_zero_cycles" time="0.000" /><testcase classname="tests.test_prediction_engine.TestDataQuality" name="test_full_completeness" time="0.000" /><testcase classname="tests.test_prediction_engine.TestDataQuality" name="test_partial_completeness" time="0.000" /><testcase classname="tests.test_prediction_engine.TestClassification" name="test_unknown_under_three" time="0.000" /><testcase classname="tests.test_prediction_engine.TestClassification" name="test_very_regular" time="0.000" /><testcase classname="tests.test_prediction_engine.TestClassification" name="test_regular" time="0.000" /><testcase classname="tests.test_prediction_engine.TestClassification" name="test_moderately_irregular" time="0.000" /><testcase classname="tests.test_prediction_engine.TestClassification" name="test_highly_irregular" time="0.000" /><testcase classname="tests.test_prediction_engine.TestRegularityVariability" name="test_regularity_inverse_of_std" time="0.000" /><testcase classname="tests.test_prediction_engine.TestRegularityVariability" name="test_variability_score" time="0.000" /><testcase classname="tests.test_prediction_engine.TestPredictionWindow" name="test_symmetric_window" time="0.000" /><testcase classname="tests.test_prediction_engine.TestPredictionWindow" name="test_low_confidence_widens" time="0.000" /><testcase classname="tests.test_prediction_engine.TestPredictionWindow" name="test_minimum_margin_one" time="0.000" /><testcase classname="tests.test_prediction_engine.TestProbabilityDistribution" name="test_14_day_window" time="0.000" /><testcase classname="tests.test_prediction_engine.TestProbabilityDistribution" name="test_peaks_on_predicted_day" time="0.000" /><testcase classname="tests.test_prediction_engine.TestProbabilityDistribution" name="test_probabilities_bounded" time="0.000" /><testcase classname="tests.test_prediction_engine.TestProbabilityDistribution" name="test_symmetric_decay" time="0.000" /><testcase classname="tests.test_prediction_engine.TestTrends" name="test_no_trends_short_history" time="0.000" /><testcase classname="tests.test_prediction_engine.TestTrends" name="test_lengthening" time="0.000" /><testcase classname="tests.test_prediction_engine.TestTrends" name="test_shortening" time="0.000" /><testcase classname="tests.test_prediction_engine.TestTrends" name="test_increasing_variability" time="0.000" /><testcase classname="tests.test_prediction_engine.TestTrends" name="test_period_lengthening" time="0.000" /><testcase classname="tests.test_prediction_engine.TestHealthFlags" name="test_short_cycle" time="0.000" /><testcase classname="tests.test_prediction_engine.TestHealthFlags" name="test_long_cycle" time="0.000" /><testcase classname="tests.test_prediction_engine.TestHealthFlags" name="test_very_long_cycle" time="0.000" /><testcase classname="tests.test_prediction_engine.TestHealthFlags" name="test_long_period" time="0.000" /><testcase classname="tests.test_prediction_engine.TestHealthFlags" name="test_sudden_change" time="0.000" /><testcase classname="tests.test_prediction_engine.TestHealthFlags" name="test_repeated_missed" time="0.000" /><testcase classname="tests.test_prediction_engine.TestHealthFlags" name="test_healthy_no_flags" time="0.000" /><testcase classname="tests.test_prediction_engine.TestFertileWindow" name="test_window_relative_to_predicted" time="0.000" /><testcase classname="tests.test_prediction_engine.TestFertileWindow" name="test_window_span_is_seven_days" time="0.000" /><testcase classname="tests.test_prediction_engine.TestFertileWindow" name="test_predict_exposes_fertile_window" time="0.000" /><testcase classname="tests.test_prediction_engine.TestFertileWindow" name="test_predict_fertile_null_without_data" time="0.000" /><testcase classname="tests.test_prediction_engine.TestPredict" name="test_empty_history" time="0.000" /><testcase classname="tests.test_prediction_engine.TestPredict" name="test_single_cycle_uses_default" time="0.000" /><testcase classname="tests.test_prediction_engine.TestPredict" name="test_regular_user_full_response" time="0.001" /><testcase classname="tests.test_prediction_engine.TestPredict" name="test_irregular_user_lower_confidence" time="0.001" /><testcase classname="tests.test_prediction_engine.TestPredict" name="test_outlier_does_not_wreck_prediction" time="0.000" /><testcase classname="tests.test_prediction_engine.TestPredict" name="test_ignores_malformed_dates" time="0.000" /><testcase classname="tests.test_prediction_engine.TestPredict" name="test_end_before_start_dropped" time="0.000" /><testcase classname="tests.test_prediction_engine.TestPredict" name="test_deterministic_same_input_same_output" time="0.001" /><testcase classname="tests.test_prediction_engine.TestPredict" name="test_performance_under_100ms_10yr_history" time="0.004" /></testsuite></testsuites>