<?xml version="1.0" encoding="utf-8"?><testsuites name="pytest tests"><testsuite name="pytest" errors="0" failures="0" skipped="0" tests="11" time="1.004" timestamp="2026-06-10T23:07:17.402601+00:00" hostname="agent-env-d5185258-1a7a-4ac9-bb01-49f20506c8a3"><testcase classname="tests.test_phase2_persistence.TestPredictionHistoryResolution" name="test_rows_carry_p2_fields" time="0.895" /><testcase classname="tests.test_phase2_persistence.TestPredictionHistoryResolution" name="test_prior_prediction_resolved_with_actual" time="0.001" /><testcase classname="tests.test_phase2_persistence.TestPredictionHistoryResolution" name="test_latest_prediction_still_unresolved" time="0.000" /><testcase classname="tests.test_phase2_persistence.TestMonthlySnapshots" name="test_snapshot_exposed_in_history_endpoint" time="0.000" /><testcase classname="tests.test_phase2_persistence.TestMonthlySnapshots" name="test_snapshot_contains_metrics" time="0.000" /><testcase classname="tests.test_phase2_persistence.TestMonthlySnapshots" name="test_one_snapshot_per_month_idempotent" time="0.002" /><testcase classname="tests.test_phase2_persistence.TestBenchmarkRecords" name="test_records_persisted" time="0.001" /><testcase classname="tests.test_phase2_persistence.TestBenchmarkRecords" name="test_record_schema" time="0.001" /><testcase classname="tests.test_phase2_persistence.TestBenchmarkRecords" name="test_records_idempotent_per_actual_date" time="0.006" /><testcase classname="tests.test_phase2_persistence.TestResponseRegression" name="test_prediction_response_core_fields" time="0.000" /><testcase classname="tests.test_phase2_persistence.TestResponseRegression" name="test_history_endpoint_backward_compatible" time="0.001" /></testsuite></testsuites>