<?xml version="1.0" encoding="utf-8"?><testsuites name="pytest tests"><testsuite name="pytest" errors="0" failures="0" skipped="0" tests="13" time="60.874" timestamp="2026-06-09T05:04:54.790386+00:00" hostname="agent-env-2982bd00-be00-4251-b090-1e7e163ea66f"><testcase classname="tests.test_prediction_v2_endpoint.TestAuthGating" name="test_no_token" time="0.247" /><testcase classname="tests.test_prediction_v2_endpoint.TestAuthGating" name="test_bad_token" time="0.102" /><testcase classname="tests.test_prediction_v2_endpoint.TestV2Contract" name="test_v2_keys_present_no_cycles" time="0.351" /><testcase classname="tests.test_prediction_v2_endpoint.TestV2Contract" name="test_v2_keys_with_history" time="0.965" /><testcase classname="tests.test_prediction_v2_endpoint.TestSufficiencyCap" name="test_cold_start_levels[1-1-30]" time="0.370" /><testcase classname="tests.test_prediction_v2_endpoint.TestSufficiencyCap" name="test_cold_start_levels[2-2-50]" time="0.445" /><testcase classname="tests.test_prediction_v2_endpoint.TestSufficiencyCap" name="test_cold_start_levels[4-3-75]" time="0.480" /><testcase classname="tests.test_prediction_v2_endpoint.TestDeterminism" name="test_two_identical_calls_match" time="0.903" /><testcase classname="tests.test_prediction_v2_endpoint.TestOutlierClassification" name="test_logging_error_short" time="0.732" /><testcase classname="tests.test_prediction_v2_endpoint.TestOutlierClassification" name="test_missed_cycle_long" time="0.783" /><testcase classname="tests.test_prediction_v2_endpoint.TestExistingFlows" name="test_dashboard" time="0.325" /><testcase classname="tests.test_prediction_v2_endpoint.TestExistingFlows" name="test_daily_summary" time="0.323" /><testcase classname="tests.test_prediction_v2_endpoint.TestExistingFlows" name="test_analytics" time="54.786" /></testsuite></testsuites>