<?xml version="1.0" encoding="utf-8"?><testsuites name="pytest tests"><testsuite name="pytest" errors="0" failures="0" skipped="0" tests="10" time="36.202" timestamp="2026-06-09T05:22:05.741313+00:00" hostname="agent-env-2982bd00-be00-4251-b090-1e7e163ea66f"><testcase classname="backend.tests.test_prediction_history_endpoint.TestHistoryAuth" name="test_no_token" time="19.654" /><testcase classname="backend.tests.test_prediction_history_endpoint.TestHistoryAuth" name="test_bad_token" time="0.155" /><testcase classname="backend.tests.test_prediction_history_endpoint.TestHistoryContract" name="test_history_populated_after_prediction" time="0.893" /><testcase classname="backend.tests.test_prediction_history_endpoint.TestHistoryContract" name="test_history_idempotent_on_repeated_prediction" time="1.088" /><testcase classname="backend.tests.test_prediction_history_endpoint.TestHistoryContract" name="test_history_respects_limit" time="0.930" /><testcase classname="backend.tests.test_prediction_history_endpoint.TestOutlierTypeAlias" name="test_outlier_entries_have_both_type_and_outlier_type" time="11.999" /><testcase classname="backend.tests.test_prediction_history_endpoint.TestExistingFlowsStillGreen" name="test_prediction_endpoint_200" time="0.436" /><testcase classname="backend.tests.test_prediction_history_endpoint.TestExistingFlowsStillGreen" name="test_dashboard" time="0.320" /><testcase classname="backend.tests.test_prediction_history_endpoint.TestExistingFlowsStillGreen" name="test_daily_summary" time="0.362" /><testcase classname="backend.tests.test_prediction_history_endpoint.TestExistingFlowsStillGreen" name="test_analytics" time="0.318" /></testsuite></testsuites>