<?xml version="1.0" encoding="utf-8"?><testsuites name="pytest tests"><testsuite name="pytest" errors="0" failures="0" skipped="0" tests="23" time="66.667" timestamp="2026-06-10T23:23:20.341259+00:00" hostname="agent-env-d5185258-1a7a-4ac9-bb01-49f20506c8a3"><testcase classname="tests.test_prediction_endpoint.TestPredictionAuth" name="test_requires_auth_no_token" time="0.161" /><testcase classname="tests.test_prediction_endpoint.TestPredictionAuth" name="test_requires_auth_bad_token" time="0.107" /><testcase classname="tests.test_prediction_endpoint.TestPredictionContract" name="test_response_keys_no_cycles" time="0.393" /><testcase classname="tests.test_prediction_endpoint.TestPredictionContract" name="test_empty_user_defaults" time="0.414" /><testcase classname="tests.test_prediction_endpoint.TestSingleCycle" name="test_single_cycle_predicts_28_days_later" time="0.418" /><testcase classname="tests.test_prediction_endpoint.TestRegularHistory" name="test_twelve_regular_cycles" time="0.921" /><testcase classname="tests.test_prediction_endpoint.TestOutlier" name="test_outlier_does_not_corrupt_prediction" time="0.849" /><testcase classname="tests.test_prediction_endpoint.TestTodayParam" name="test_today_query_param_accepted" time="0.439" /><testcase classname="tests.test_prediction_endpoint.TestDeterminism" name="test_two_identical_calls_match" time="0.910" /><testcase classname="tests.test_prediction_endpoint.TestRegressionSmoke" name="test_health" time="0.105" /><testcase classname="tests.test_prediction_endpoint.TestRegressionSmoke" name="test_demo_login" time="0.159" /><testcase classname="tests.test_prediction_endpoint.TestRegressionSmoke" name="test_cycles_crud" time="0.509" /><testcase classname="tests.test_prediction_endpoint.TestRegressionSmoke" name="test_dashboard_and_analytics" time="0.398" /><testcase classname="tests.test_prediction_history_endpoint.TestHistoryAuth" name="test_no_token" time="0.126" /><testcase classname="tests.test_prediction_history_endpoint.TestHistoryAuth" name="test_bad_token" time="0.124" /><testcase classname="tests.test_prediction_history_endpoint.TestHistoryContract" name="test_history_populated_after_prediction" time="0.907" /><testcase classname="tests.test_prediction_history_endpoint.TestHistoryContract" name="test_history_idempotent_on_repeated_prediction" time="1.104" /><testcase classname="tests.test_prediction_history_endpoint.TestHistoryContract" name="test_history_respects_limit" time="1.000" /><testcase classname="tests.test_prediction_history_endpoint.TestOutlierTypeAlias" name="test_outlier_entries_have_both_type_and_outlier_type" time="1.621" /><testcase classname="tests.test_prediction_history_endpoint.TestExistingFlowsStillGreen" name="test_prediction_endpoint_200" time="0.370" /><testcase classname="tests.test_prediction_history_endpoint.TestExistingFlowsStillGreen" name="test_dashboard" time="0.317" /><testcase classname="tests.test_prediction_history_endpoint.TestExistingFlowsStillGreen" name="test_daily_summary" time="0.387" /><testcase classname="tests.test_prediction_history_endpoint.TestExistingFlowsStillGreen" name="test_analytics" time="54.884" /></testsuite></testsuites>