<?xml version="1.0" encoding="utf-8"?><testsuites name="pytest tests"><testsuite name="pytest" errors="0" failures="1" skipped="0" tests="13" time="5.865" timestamp="2026-06-09T04:21:11.095212+00:00" hostname="agent-env-2982bd00-be00-4251-b090-1e7e163ea66f"><testcase classname="tests.test_prediction_endpoint.TestPredictionAuth" name="test_requires_auth_no_token" time="0.298" /><testcase classname="tests.test_prediction_endpoint.TestPredictionAuth" name="test_requires_auth_bad_token" time="0.114" /><testcase classname="tests.test_prediction_endpoint.TestPredictionContract" name="test_response_keys_no_cycles" time="0.344" /><testcase classname="tests.test_prediction_endpoint.TestPredictionContract" name="test_empty_user_defaults" time="0.484" /><testcase classname="tests.test_prediction_endpoint.TestSingleCycle" name="test_single_cycle_predicts_28_days_later" time="0.420" /><testcase classname="tests.test_prediction_endpoint.TestRegularHistory" name="test_twelve_regular_cycles" time="0.947" /><testcase classname="tests.test_prediction_endpoint.TestOutlier" name="test_outlier_does_not_corrupt_prediction" time="0.855"><failure message="AssertionError: outlier corrupted prediction: clp=20&#10;assert 24 &lt;= 20">tests/test_prediction_endpoint.py:149: in test_outlier_does_not_corrupt_prediction
    assert 24 &lt;= clp &lt;= 32, f"outlier corrupted prediction: clp={clp}"
E   AssertionError: outlier corrupted prediction: clp=20
E   assert 24 &lt;= 20</failure></testcase><testcase classname="tests.test_prediction_endpoint.TestTodayParam" name="test_today_query_param_accepted" time="0.372" /><testcase classname="tests.test_prediction_endpoint.TestDeterminism" name="test_two_identical_calls_match" time="0.710" /><testcase classname="tests.test_prediction_endpoint.TestRegressionSmoke" name="test_health" time="0.108" /><testcase classname="tests.test_prediction_endpoint.TestRegressionSmoke" name="test_demo_login" time="0.139" /><testcase classname="tests.test_prediction_endpoint.TestRegressionSmoke" name="test_cycles_crud" time="0.526" /><testcase classname="tests.test_prediction_endpoint.TestRegressionSmoke" name="test_dashboard_and_analytics" time="0.477" /></testsuite></testsuites>