<?xml version="1.0" encoding="utf-8"?><testsuites name="pytest tests"><testsuite name="pytest" errors="0" failures="0" skipped="0" tests="106" time="5.630" timestamp="2026-06-09T05:06:00.770330+00:00" hostname="agent-env-2982bd00-be00-4251-b090-1e7e163ea66f"><testcase classname="tests.test_prediction_endpoint.TestPredictionAuth" name="test_requires_auth_no_token" time="0.157" /><testcase classname="tests.test_prediction_endpoint.TestPredictionAuth" name="test_requires_auth_bad_token" time="0.103" /><testcase classname="tests.test_prediction_endpoint.TestPredictionContract" name="test_response_keys_no_cycles" time="0.418" /><testcase classname="tests.test_prediction_endpoint.TestPredictionContract" name="test_empty_user_defaults" time="0.364" /><testcase classname="tests.test_prediction_endpoint.TestSingleCycle" name="test_single_cycle_predicts_28_days_later" time="0.467" /><testcase classname="tests.test_prediction_endpoint.TestRegularHistory" name="test_twelve_regular_cycles" time="0.898" /><testcase classname="tests.test_prediction_endpoint.TestOutlier" name="test_outlier_does_not_corrupt_prediction" time="0.836" /><testcase classname="tests.test_prediction_endpoint.TestTodayParam" name="test_today_query_param_accepted" time="0.386" /><testcase classname="tests.test_prediction_endpoint.TestDeterminism" name="test_two_identical_calls_match" time="0.721" /><testcase classname="tests.test_prediction_endpoint.TestRegressionSmoke" name="test_health" time="0.109" /><testcase classname="tests.test_prediction_endpoint.TestRegressionSmoke" name="test_demo_login" time="0.178" /><testcase classname="tests.test_prediction_endpoint.TestRegressionSmoke" name="test_cycles_crud" time="0.478" /><testcase classname="tests.test_prediction_endpoint.TestRegressionSmoke" name="test_dashboard_and_analytics" time="0.424" /><testcase classname="tests.test_prediction_engine_v2.TestPercentile" name="test_empty" time="0.000" /><testcase classname="tests.test_prediction_engine_v2.TestPercentile" name="test_single" time="0.000" /><testcase classname="tests.test_prediction_engine_v2.TestPercentile" name="test_median_of_odd" time="0.000" /><testcase classname="tests.test_prediction_engine_v2.TestPercentile" name="test_interpolation" time="0.000" /><testcase classname="tests.test_prediction_engine_v2.TestPercentile" name="test_fractional_interpolation" time="0.000" /><testcase classname="tests.test_prediction_engine_v2.TestPercentile" name="test_zero_pct" time="0.000" /><testcase classname="tests.test_prediction_engine_v2.TestPercentile" name="test_hundred_pct" time="0.000" /><testcase classname="tests.test_prediction_engine_v2.TestTrimmedMean" name="test_empty" time="0.000" /><testcase classname="tests.test_prediction_engine_v2.TestTrimmedMean" name="test_drops_extremes" time="0.000" /><testcase classname="tests.test_prediction_engine_v2.TestTrimmedMean" name="test_small_list_no_trim" time="0.000" /><testcase classname="tests.test_prediction_engine_v2.TestWinsorizedMean" name="test_empty" time="0.000" /><testcase classname="tests.test_prediction_engine_v2.TestWinsorizedMean" name="test_clamps_extremes" time="0.000" /><testcase classname="tests.test_prediction_engine_v2.TestWinsorizedMean" name="test_no_winsor_when_k_zero" time="0.000" /><testcase classname="tests.test_prediction_engine_v2.TestOLS" name="test_too_short" time="0.000" /><testcase classname="tests.test_prediction_engine_v2.TestOLS" name="test_empty" time="0.000" /><testcase classname="tests.test_prediction_engine_v2.TestOLS" name="test_perfect_line" time="0.000" /><testcase classname="tests.test_prediction_engine_v2.TestOLS" name="test_flat_line" time="0.001" /><testcase classname="tests.test_prediction_engine_v2.TestClassifyOutliers" name="test_logging_error" time="0.000" /><testcase classname="tests.test_prediction_engine_v2.TestClassifyOutliers" name="test_missed_cycle" time="0.000" /><testcase classname="tests.test_prediction_engine_v2.TestClassifyOutliers" name="test_short_cycle" time="0.000" /><testcase classname="tests.test_prediction_engine_v2.TestClassifyOutliers" name="test_long_cycle" time="0.000" /><testcase classname="tests.test_prediction_engine_v2.TestClassifyOutliers" name="test_no_outliers_when_regular" time="0.000" /><testcase classname="tests.test_prediction_engine_v2.TestWeightFactors" name="test_outlier_reduces_factor" time="0.000" /><testcase classname="tests.test_prediction_engine_v2.TestWeightedAverageDynamic" name="test_empty" time="0.000" /><testcase classname="tests.test_prediction_engine_v2.TestWeightedAverageDynamic" name="test_recency_weighting" time="0.000" /><testcase classname="tests.test_prediction_engine_v2.TestWeightedAverageDynamic" name="test_long_history_older_bucket" time="0.000" /><testcase classname="tests.test_prediction_engine_v2.TestWeightedAverageDynamic" name="test_all_zero_weight_fallback" time="0.000" /><testcase classname="tests.test_prediction_engine_v2.TestChangePoints" name="test_too_few" time="0.000" /><testcase classname="tests.test_prediction_engine_v2.TestChangePoints" name="test_detects_baseline_increase" time="0.000" /><testcase classname="tests.test_prediction_engine_v2.TestChangePoints" name="test_detects_baseline_decrease" time="0.000" /><testcase classname="tests.test_prediction_engine_v2.TestChangePoints" name="test_no_change_when_stable" time="0.000" /><testcase classname="tests.test_prediction_engine_v2.TestModels" name="test_bayesian_empty_returns_prior" time="0.000" /><testcase classname="tests.test_prediction_engine_v2.TestModels" name="test_bayesian_blends_toward_user" time="0.000" /><testcase classname="tests.test_prediction_engine_v2.TestModels" name="test_trend_empty" time="0.000" /><testcase classname="tests.test_prediction_engine_v2.TestModels" name="test_trend_projects_upward" time="0.000" /><testcase classname="tests.test_prediction_engine_v2.TestModels" name="test_model_predictions_empty" time="0.000" /><testcase classname="tests.test_prediction_engine_v2.TestModels" name="test_model_predictions_keys" time="0.000" /><testcase classname="tests.test_prediction_engine_v2.TestCapWeights" name="test_no_weight_exceeds_cap" time="0.000" /><testcase classname="tests.test_prediction_engine_v2.TestCapWeights" name="test_all_zero_uniform" time="0.000" /><testcase classname="tests.test_prediction_engine_v2.TestCapWeights" name="test_sums_to_one" time="0.000" /><testcase classname="tests.test_prediction_engine_v2.TestEnsemblePoint" name="test_combines_models" time="0.000" /><testcase classname="tests.test_prediction_engine_v2.TestBacktest" name="test_produces_errors_and_records" time="0.001" /><testcase classname="tests.test_prediction_engine_v2.TestBacktest" name="test_short_history_no_errors" time="0.000" /><testcase classname="tests.test_prediction_engine_v2.TestAdaptiveWeights" name="test_default_when_no_data" time="0.000" /><testcase classname="tests.test_prediction_engine_v2.TestAdaptiveWeights" name="test_better_model_gets_more_weight" time="0.000" /><testcase classname="tests.test_prediction_engine_v2.TestRollingError" name="test_empty" time="0.000" /><testcase classname="tests.test_prediction_engine_v2.TestRollingError" name="test_mean_abs" time="0.000" /><testcase classname="tests.test_prediction_engine_v2.TestRollingError" name="test_window" time="0.000" /><testcase classname="tests.test_prediction_engine_v2.TestAdaptiveBias" name="test_empty" time="0.000" /><testcase classname="tests.test_prediction_engine_v2.TestAdaptiveBias" name="test_median_signed" time="0.000" /><testcase classname="tests.test_prediction_engine_v2.TestCalibratedConfidence" name="test_prior_when_too_few" time="0.000" /><testcase classname="tests.test_prediction_engine_v2.TestCalibratedConfidence" name="test_historical_hit_rate" time="0.000" /><testcase classname="tests.test_prediction_engine_v2.TestDataSufficiency" name="test_levels[0-0-0]" time="0.007" /><testcase classname="tests.test_prediction_engine_v2.TestDataSufficiency" name="test_levels[1-1-30]" time="0.000" /><testcase classname="tests.test_prediction_engine_v2.TestDataSufficiency" name="test_levels[2-2-50]" time="0.000" /><testcase classname="tests.test_prediction_engine_v2.TestDataSufficiency" name="test_levels[4-3-75]" time="0.000" /><testcase classname="tests.test_prediction_engine_v2.TestDataSufficiency" name="test_levels[6-4-95]" time="0.000" /><testcase classname="tests.test_prediction_engine_v2.TestDataSufficiency" name="test_levels[20-4-95]" time="0.000" /><testcase classname="tests.test_prediction_engine_v2.TestReliabilityIndex" name="test_high_for_good_data" time="0.000" /><testcase classname="tests.test_prediction_engine_v2.TestReliabilityIndex" name="test_low_for_poor_data" time="0.000" /><testcase classname="tests.test_prediction_engine_v2.TestReliabilityIndex" name="test_factors_present" time="0.000" /><testcase classname="tests.test_prediction_engine_v2.TestReliabilityIndex" name="test_classification_bands_reachable[Excellent]" time="0.000" /><testcase classname="tests.test_prediction_engine_v2.TestReliabilityIndex" name="test_classification_bands_reachable[High]" time="0.000" /><testcase classname="tests.test_prediction_engine_v2.TestReliabilityIndex" name="test_classification_bands_reachable[Moderate]" time="0.000" /><testcase classname="tests.test_prediction_engine_v2.TestReliabilityIndex" name="test_classification_bands_reachable[Low]" time="0.000" /><testcase classname="tests.test_prediction_engine_v2.TestReliabilityIndex" name="test_classification_bands_reachable[Very Low]" time="0.000" /><testcase classname="tests.test_prediction_engine_v2.TestPredictionIntervals" name="test_empirical_when_enough" time="0.000" /><testcase classname="tests.test_prediction_engine_v2.TestPredictionIntervals" name="test_model_variance_when_few" time="0.000" /><testcase classname="tests.test_prediction_engine_v2.TestPredictionIntervals" name="test_widths_monotonic" time="0.000" /><testcase classname="tests.test_prediction_engine_v2.TestTrendForecast" name="test_too_short_returns_zero" time="0.000" /><testcase classname="tests.test_prediction_engine_v2.TestTrendForecast" name="test_lengthening_trend" time="0.000" /><testcase classname="tests.test_prediction_engine_v2.TestTrendForecast" name="test_increasing_variability" time="0.000" /><testcase classname="tests.test_prediction_engine_v2.TestTrendForecast" name="test_period_trend" time="0.000" /><testcase classname="tests.test_prediction_engine_v2.TestValidationMetrics" name="test_empty" time="0.000" /><testcase classname="tests.test_prediction_engine_v2.TestValidationMetrics" name="test_computes_mae_rmse" time="0.000" /><testcase classname="tests.test_prediction_engine_v2.TestValidationMetrics" name="test_success_rate" time="0.000" /><testcase classname="tests.test_prediction_engine_v2.TestMedicalFlags" name="test_irregularity_flag_added" time="0.000" /><testcase classname="tests.test_prediction_engine_v2.TestMedicalFlags" name="test_no_irregularity_when_low" time="0.000" /><testcase classname="tests.test_prediction_engine_v2.TestPredictionId" name="test_deterministic" time="0.000" /><testcase classname="tests.test_prediction_engine_v2.TestPredictionId" name="test_changes_with_input" time="0.000" /><testcase classname="tests.test_prediction_engine_v2.TestPredictIntegration" name="test_empty" time="0.000" /><testcase classname="tests.test_prediction_engine_v2.TestPredictIntegration" name="test_single_cycle" time="0.001" /><testcase classname="tests.test_prediction_engine_v2.TestPredictIntegration" name="test_cold_start_population_prior" time="0.000" /><testcase classname="tests.test_prediction_engine_v2.TestPredictIntegration" name="test_full_history_fields" time="0.001" /><testcase classname="tests.test_prediction_engine_v2.TestPredictIntegration" name="test_determinism" time="0.002" /><testcase classname="tests.test_prediction_engine_v2.TestPredictIntegration" name="test_clamps_to_physiological_range" time="0.001" /><testcase classname="tests.test_prediction_engine_v2.TestPredictIntegration" name="test_ignores_invalid_and_reversed_dates" time="0.000" /><testcase classname="tests.test_prediction_engine_v2.TestPredictIntegration" name="test_change_point_in_output" time="0.001" /><testcase classname="tests.test_prediction_engine_v2.TestPredictIntegration" name="test_outlier_in_audit" time="0.001" /><testcase classname="tests.test_prediction_engine_v2.TestPredictIntegration" name="test_legacy_trend_insights_shape" time="0.001" /><testcase classname="tests.test_prediction_engine_v2.TestPredictIntegration" name="test_performance_under_100ms" time="0.005" /><testcase classname="tests.test_prediction_engine_v2.TestLegacyTrendInsights" name="test_decreasing_and_change_point" time="0.000" /><testcase classname="tests.test_prediction_engine_v2.TestLegacyTrendInsights" name="test_increasing" time="0.000" /></testsuite></testsuites>